<?xml version="1.0" encoding="UTF-8"?>
<!-- Generated by org.testng.reporters.JUnitReportReporter -->
<testsuite hostname="sparopate-PC" name="com.parallel.execution.TestAnnotationSequence" tests="5" failures="0" timestamp="14 Feb 2016 04:22:50 GMT" time="0.020" errors="0">
  <testcase name="drive" time="0.009" classname="com.parallel.execution.TestAnnotationSequence"/>
  <testcase name="onMaxSpeed" time="0.002" classname="com.parallel.execution.TestAnnotationSequence"/>
  <testcase name="changeGear" time="0.005" classname="com.parallel.execution.TestAnnotationSequence"/>
  <testcase name="accelerate" time="0.002" classname="com.parallel.execution.TestAnnotationSequence"/>
  <testcase name="drifting" time="0.002" classname="com.parallel.execution.TestAnnotationSequence"/>
</testsuite> <!-- com.parallel.execution.TestAnnotationSequence -->
