<?xml version="1.0" encoding="UTF-8"?>
<!-- Generated by org.testng.reporters.JUnitReportReporter -->
<testsuite hostname="sparopate-PC" name="com.junit.module7.TestAnnotationSequence" tests="3" failures="0" timestamp="26 Jun 2016 18:03:45 GMT" time="0.021" errors="0">
  <testcase name="f4" time="0.010" classname="com.junit.module7.TestAnnotationSequence"/>
  <testcase name="f1" time="0.004" classname="com.junit.module7.TestAnnotationSequence"/>
  <testcase name="f3" time="0.007" classname="com.junit.module7.TestAnnotationSequence"/>
</testsuite> <!-- com.junit.module7.TestAnnotationSequence -->
