<?xml version="1.0" encoding="UTF-8"?>
<!-- Generated by org.testng.reporters.JUnitReportReporter -->
<testsuite hostname="sparopate-PC" name="com.parallel.execution.GroupTest" tests="3" failures="0" timestamp="13 Feb 2016 19:37:03 GMT" time="0.015" errors="0">
  <testcase name="testCaseTwo" time="0.015" classname="com.parallel.execution.GroupTest"/>
  <testcase name="testCaseOne" time="0.000" classname="com.parallel.execution.GroupTest"/>
  <testcase name="testCaseFour" time="0.000" classname="com.parallel.execution.GroupTest"/>
</testsuite> <!-- com.parallel.execution.GroupTest -->
