<?xml version="1.0" encoding="UTF-8"?>
<!-- Generated by org.testng.reporters.JUnitReportReporter -->
<testsuite hostname="sparopate-PC" name="com.junit.module7.MyFirstTestNGTest" tests="3" failures="0" timestamp="13 Feb 2016 04:17:44 GMT" time="0.022" errors="0">
  <testcase name="ThirdTest" time="0.016" classname="com.junit.module7.MyFirstTestNGTest"/>
  <testcase name="firstTest" time="0.002" classname="com.junit.module7.MyFirstTestNGTest"/>
  <testcase name="SecondTest" time="0.004" classname="com.junit.module7.MyFirstTestNGTest"/>
</testsuite> <!-- com.junit.module7.MyFirstTestNGTest -->
