<?xml version="1.0" encoding="UTF-8"?>
<!-- Generated by org.testng.reporters.JUnitReportReporter -->
<testsuite hostname="sparopate-PC" name="com.junit.module7.SikuliLoginGmail" tests="1" failures="0" timestamp="14 Feb 2016 04:16:49 GMT" time="35.363" errors="0">
  <testcase name="gmailLogin" time="35.363" classname="com.junit.module7.SikuliLoginGmail"/>
</testsuite> <!-- com.junit.module7.SikuliLoginGmail -->
